0 info it worked if it ends with ok
1 verbose cli [ 'D:\\nodejs\\node.exe',
1 verbose cli   'D:\\nodejs\\node_modules\\npm\\bin\\npm-cli.js',
1 verbose cli   'install',
1 verbose cli   'grunt-contrib-connect' ]
2 info using npm@2.14.12
3 info using node@v4.3.1
4 verbose install initial load of D:\study\demo1\package.json
5 warn package.json demo_angular@v0.0.1 No description
6 warn package.json demo_angular@v0.0.1 No repository field.
7 warn package.json demo_angular@v0.0.1 No README data
8 warn package.json demo_angular@v0.0.1 No license field.
9 verbose installManyTop reading scoped package data from D:\study\demo1\node_modules\grunt\package.json
10 verbose installManyTop reading scoped package data from D:\study\demo1\node_modules\grunt-contrib-sass\package.json
11 verbose installManyTop reading scoped package data from D:\study\demo1\node_modules\grunt-contrib-watch\package.json
12 info package.json grunt@0.4.5 No license field.
13 verbose readDependencies loading dependencies from D:\study\demo1\package.json
14 silly cache add args [ 'grunt-contrib-connect', null ]
15 verbose cache add spec grunt-contrib-connect
16 silly cache add parsed spec Result {
16 silly cache add   raw: 'grunt-contrib-connect',
16 silly cache add   scope: null,
16 silly cache add   name: 'grunt-contrib-connect',
16 silly cache add   rawSpec: '',
16 silly cache add   spec: 'latest',
16 silly cache add   type: 'tag' }
17 silly addNamed grunt-contrib-connect@latest
18 verbose addNamed "latest" is being treated as a dist-tag for grunt-contrib-connect
19 info addNameTag [ 'grunt-contrib-connect', 'latest' ]
20 silly mapToRegistry name grunt-contrib-connect
21 silly mapToRegistry using default registry
22 silly mapToRegistry registry https://registry.npmjs.org/
23 silly mapToRegistry uri https://registry.npmjs.org/grunt-contrib-connect
24 verbose addNameTag registry:https://registry.npmjs.org/grunt-contrib-connect not in flight; fetching
25 verbose request uri https://registry.npmjs.org/grunt-contrib-connect
26 verbose request no auth needed
27 info attempt registry request try #1 at 15:39:51
28 verbose request id 2a8cfc2c6616041e
29 verbose etag "3E4XXHYQYYJ3JBRM4FIQ2BSXO"
30 http request GET https://registry.npmjs.org/grunt-contrib-connect
31 http 304 https://registry.npmjs.org/grunt-contrib-connect
32 verbose headers { date: 'Mon, 14 Mar 2016 07:38:40 GMT',
32 verbose headers   via: '1.1 varnish',
32 verbose headers   'cache-control': 'max-age=300',
32 verbose headers   etag: '"3E4XXHYQYYJ3JBRM4FIQ2BSXO"',
32 verbose headers   age: '206',
32 verbose headers   connection: 'keep-alive',
32 verbose headers   'x-served-by': 'cache-nrt6123-NRT',
32 verbose headers   'x-cache': 'HIT',
32 verbose headers   'x-cache-hits': '9',
32 verbose headers   'x-timer': 'S1457941120.184560,VS0,VE0',
32 verbose headers   vary: 'Accept' }
33 silly get cb [ 304,
33 silly get   { date: 'Mon, 14 Mar 2016 07:38:40 GMT',
33 silly get     via: '1.1 varnish',
33 silly get     'cache-control': 'max-age=300',
33 silly get     etag: '"3E4XXHYQYYJ3JBRM4FIQ2BSXO"',
33 silly get     age: '206',
33 silly get     connection: 'keep-alive',
33 silly get     'x-served-by': 'cache-nrt6123-NRT',
33 silly get     'x-cache': 'HIT',
33 silly get     'x-cache-hits': '9',
33 silly get     'x-timer': 'S1457941120.184560,VS0,VE0',
33 silly get     vary: 'Accept' } ]
34 verbose etag https://registry.npmjs.org/grunt-contrib-connect from cache
35 verbose get saving grunt-contrib-connect to C:\Users\Administrator\AppData\Roaming\npm-cache\registry.npmjs.org\grunt-contrib-connect\.cache.json
36 silly addNameTag next cb for grunt-contrib-connect with tag latest
37 silly addNamed grunt-contrib-connect@1.0.0
38 verbose addNamed "1.0.0" is a plain semver version for grunt-contrib-connect
39 silly cache afterAdd grunt-contrib-connect@1.0.0
40 verbose afterAdd C:\Users\Administrator\AppData\Roaming\npm-cache\grunt-contrib-connect\1.0.0\package\package.json not in flight; writing
41 verbose afterAdd C:\Users\Administrator\AppData\Roaming\npm-cache\grunt-contrib-connect\1.0.0\package\package.json written
42 silly install resolved [ { name: 'grunt-contrib-connect',
42 silly install resolved     description: 'Start a connect web server',
42 silly install resolved     version: '1.0.0',
42 silly install resolved     author: { name: 'Grunt Team', url: 'http://gruntjs.com/' },
42 silly install resolved     repository:
42 silly install resolved      { type: 'git',
42 silly install resolved        url: 'git+https://github.com/gruntjs/grunt-contrib-connect.git' },
42 silly install resolved     license: 'MIT',
42 silly install resolved     engines: { node: '>=0.10.0' },
42 silly install resolved     main: 'tasks/connect.js',
42 silly install resolved     scripts: { test: 'grunt test --verbose' },
42 silly install resolved     dependencies:
42 silly install resolved      { async: '^1.5.2',
42 silly install resolved        connect: '^3.4.0',
42 silly install resolved        'connect-livereload': '^0.5.0',
42 silly install resolved        http2: 'git://github.com/gruntjs/node-http2.git#fix-return-value',
42 silly install resolved        morgan: '^1.6.1',
42 silly install resolved        opn: '^4.0.0',
42 silly install resolved        portscanner: '^1.0.0',
42 silly install resolved        'serve-index': '^1.7.1',
42 silly install resolved        'serve-static': '^1.10.0' },
42 silly install resolved     devDependencies:
42 silly install resolved      { grunt: '^0.4.5',
42 silly install resolved        'grunt-cli': '^0.1.13',
42 silly install resolved        'grunt-contrib-internal': '^0.4.10',
42 silly install resolved        'grunt-contrib-jshint': '^1.0.0',
42 silly install resolved        'grunt-contrib-nodeunit': '^0.4.0' },
42 silly install resolved     peerDependencies: { grunt: '>=0.4.0' },
42 silly install resolved     keywords: [ 'gruntplugin', 'server', 'connect', 'http' ],
42 silly install resolved     files: [ 'tasks' ],
42 silly install resolved     appveyor_id: '3bp93hbs2rd5lwfd',
42 silly install resolved     contributors:
42 silly install resolved      [ [Object],
42 silly install resolved        [Object],
42 silly install resolved        [Object],
42 silly install resolved        [Object],
42 silly install resolved        [Object],
42 silly install resolved        [Object],
42 silly install resolved        [Object],
42 silly install resolved        [Object],
42 silly install resolved        [Object],
42 silly install resolved        [Object],
42 silly install resolved        [Object],
42 silly install resolved        [Object],
42 silly install resolved        [Object],
42 silly install resolved        [Object],
42 silly install resolved        [Object],
42 silly install resolved        [Object],
42 silly install resolved        [Object] ],
42 silly install resolved     gitHead: 'c368fc40c331666975098301f3f91d77e55b25b7',
42 silly install resolved     bugs: { url: 'https://github.com/gruntjs/grunt-contrib-connect/issues' },
42 silly install resolved     homepage: 'https://github.com/gruntjs/grunt-contrib-connect#readme',
42 silly install resolved     _id: 'grunt-contrib-connect@1.0.0',
42 silly install resolved     _shasum: 'a975e3e66e3ca5c568d33425d39a566e98024fff',
42 silly install resolved     _from: 'grunt-contrib-connect@latest',
42 silly install resolved     _npmVersion: '2.14.17',
42 silly install resolved     _nodeVersion: '4.2.3',
42 silly install resolved     _npmUser: { name: 'vladikoff', email: 'vlad@vladikoff.com' },
42 silly install resolved     maintainers: [ [Object], [Object], [Object], [Object], [Object], [Object] ],
42 silly install resolved     dist:
42 silly install resolved      { shasum: 'a975e3e66e3ca5c568d33425d39a566e98024fff',
42 silly install resolved        tarball: 'http://registry.npmjs.org/grunt-contrib-connect/-/grunt-contrib-connect-1.0.0.tgz' },
42 silly install resolved     _npmOperationalInternal:
42 silly install resolved      { host: 'packages-12-west.internal.npmjs.com',
42 silly install resolved        tmp: 'tmp/grunt-contrib-connect-1.0.0.tgz_1457145218695_0.6149226000998169' },
42 silly install resolved     directories: {},
42 silly install resolved     _resolved: 'https://registry.npmjs.org/grunt-contrib-connect/-/grunt-contrib-connect-1.0.0.tgz',
42 silly install resolved     readme: 'ERROR: No README data found!' } ]
43 info install grunt-contrib-connect@1.0.0 into D:\study\demo1
44 info installOne grunt-contrib-connect@1.0.0
45 verbose installOne of grunt-contrib-connect to D:\study\demo1 not in flight; installing
46 verbose lock using C:\Users\Administrator\AppData\Roaming\npm-cache\_locks\grunt-contrib-connect-1ba470e9ab972a2c.lock for D:\study\demo1\node_modules\grunt-contrib-connect
47 silly install write writing grunt-contrib-connect 1.0.0 to D:\study\demo1\node_modules\grunt-contrib-connect
48 verbose unbuild node_modules\grunt-contrib-connect
49 silly gentlyRm D:\study\demo1\node_modules\grunt-contrib-connect is being purged from base D:\study\demo1
50 verbose gentlyRm don't care about contents; nuking D:\study\demo1\node_modules\grunt-contrib-connect
51 verbose tar unpack C:\Users\Administrator\AppData\Roaming\npm-cache\grunt-contrib-connect\1.0.0\package.tgz
52 verbose tar unpacking to D:\study\demo1\node_modules\grunt-contrib-connect
53 silly gentlyRm D:\study\demo1\node_modules\grunt-contrib-connect is being purged
54 verbose gentlyRm don't care about contents; nuking D:\study\demo1\node_modules\grunt-contrib-connect
55 silly gunzTarPerm modes [ '777', '666' ]
56 silly gunzTarPerm extractEntry package.json
57 silly gunzTarPerm modified mode [ 'package.json', 420, 438 ]
58 silly gunzTarPerm extractEntry README.md
59 silly gunzTarPerm modified mode [ 'README.md', 420, 438 ]
60 silly gunzTarPerm extractEntry CHANGELOG
61 silly gunzTarPerm modified mode [ 'CHANGELOG', 420, 438 ]
62 silly gunzTarPerm extractEntry tasks/connect.js
63 silly gunzTarPerm modified mode [ 'tasks/connect.js', 420, 438 ]
64 silly gunzTarPerm extractEntry tasks/certs/ca.crt
65 silly gunzTarPerm modified mode [ 'tasks/certs/ca.crt', 420, 438 ]
66 silly gunzTarPerm extractEntry tasks/certs/ca.csr
67 silly gunzTarPerm modified mode [ 'tasks/certs/ca.csr', 420, 438 ]
68 silly gunzTarPerm extractEntry tasks/certs/ca.key
69 silly gunzTarPerm modified mode [ 'tasks/certs/ca.key', 420, 438 ]
70 silly gunzTarPerm extractEntry tasks/certs/ca.srl
71 silly gunzTarPerm modified mode [ 'tasks/certs/ca.srl', 420, 438 ]
72 silly gunzTarPerm extractEntry tasks/certs/server.crt
73 silly gunzTarPerm modified mode [ 'tasks/certs/server.crt', 420, 438 ]
74 silly gunzTarPerm extractEntry tasks/certs/server.csr
75 silly gunzTarPerm modified mode [ 'tasks/certs/server.csr', 420, 438 ]
76 silly gunzTarPerm extractEntry tasks/certs/server.key
77 silly gunzTarPerm modified mode [ 'tasks/certs/server.key', 420, 438 ]
78 silly gunzTarPerm extractEntry tasks/certs/server.key.org
79 silly gunzTarPerm modified mode [ 'tasks/certs/server.key.org', 420, 438 ]
80 verbose write writing to D:\study\demo1\node_modules\grunt-contrib-connect\package.json
81 info preinstall grunt-contrib-connect@1.0.0
82 verbose readDependencies loading dependencies from D:\study\demo1\node_modules\grunt-contrib-connect\package.json
83 silly prepareForInstallMany adding async@^1.5.2 from grunt-contrib-connect dependencies
84 silly prepareForInstallMany adding connect@^3.4.0 from grunt-contrib-connect dependencies
85 silly prepareForInstallMany adding connect-livereload@^0.5.0 from grunt-contrib-connect dependencies
86 silly prepareForInstallMany adding http2@git://github.com/gruntjs/node-http2.git#fix-return-value from grunt-contrib-connect dependencies
87 silly prepareForInstallMany adding morgan@^1.6.1 from grunt-contrib-connect dependencies
88 silly prepareForInstallMany adding opn@^4.0.0 from grunt-contrib-connect dependencies
89 silly prepareForInstallMany adding portscanner@^1.0.0 from grunt-contrib-connect dependencies
90 silly prepareForInstallMany adding serve-index@^1.7.1 from grunt-contrib-connect dependencies
91 silly prepareForInstallMany adding serve-static@^1.10.0 from grunt-contrib-connect dependencies
92 verbose readDependencies loading dependencies from D:\study\demo1\node_modules\grunt-contrib-connect\package.json
93 silly cache add args [ 'async@^1.5.2', null ]
94 verbose cache add spec async@^1.5.2
95 silly cache add args [ 'connect@^3.4.0', null ]
96 verbose cache add spec connect@^3.4.0
97 silly cache add parsed spec Result {
97 silly cache add   raw: 'async@^1.5.2',
97 silly cache add   scope: null,
97 silly cache add   name: 'async',
97 silly cache add   rawSpec: '^1.5.2',
97 silly cache add   spec: '>=1.5.2 <2.0.0',
97 silly cache add   type: 'range' }
98 silly addNamed async@>=1.5.2 <2.0.0
99 verbose addNamed ">=1.5.2 <2.0.0" is a valid semver range for async
100 silly addNameRange { name: 'async', range: '>=1.5.2 <2.0.0', hasData: false }
101 silly mapToRegistry name async
102 silly mapToRegistry using default registry
103 silly mapToRegistry registry https://registry.npmjs.org/
104 silly mapToRegistry uri https://registry.npmjs.org/async
105 verbose addNameRange registry:https://registry.npmjs.org/async not in flight; fetching
106 silly cache add parsed spec Result {
106 silly cache add   raw: 'connect@^3.4.0',
106 silly cache add   scope: null,
106 silly cache add   name: 'connect',
106 silly cache add   rawSpec: '^3.4.0',
106 silly cache add   spec: '>=3.4.0 <4.0.0',
106 silly cache add   type: 'range' }
107 silly addNamed connect@>=3.4.0 <4.0.0
108 verbose addNamed ">=3.4.0 <4.0.0" is a valid semver range for connect
109 silly addNameRange { name: 'connect', range: '>=3.4.0 <4.0.0', hasData: false }
110 silly mapToRegistry name connect
111 silly mapToRegistry using default registry
112 silly mapToRegistry registry https://registry.npmjs.org/
113 silly mapToRegistry uri https://registry.npmjs.org/connect
114 verbose addNameRange registry:https://registry.npmjs.org/connect not in flight; fetching
115 silly cache add args [ 'connect-livereload@^0.5.0', null ]
116 verbose cache add spec connect-livereload@^0.5.0
117 silly cache add parsed spec Result {
117 silly cache add   raw: 'connect-livereload@^0.5.0',
117 silly cache add   scope: null,
117 silly cache add   name: 'connect-livereload',
117 silly cache add   rawSpec: '^0.5.0',
117 silly cache add   spec: '>=0.5.0 <0.6.0',
117 silly cache add   type: 'range' }
118 silly addNamed connect-livereload@>=0.5.0 <0.6.0
119 verbose addNamed ">=0.5.0 <0.6.0" is a valid semver range for connect-livereload
120 silly addNameRange { name: 'connect-livereload',
120 silly addNameRange   range: '>=0.5.0 <0.6.0',
120 silly addNameRange   hasData: false }
121 silly mapToRegistry name connect-livereload
122 silly mapToRegistry using default registry
123 silly mapToRegistry registry https://registry.npmjs.org/
124 silly mapToRegistry uri https://registry.npmjs.org/connect-livereload
125 verbose addNameRange registry:https://registry.npmjs.org/connect-livereload not in flight; fetching
126 silly cache add args [ 'http2@git://github.com/gruntjs/node-http2.git#fix-return-value',
126 silly cache add   null ]
127 verbose cache add spec http2@git://github.com/gruntjs/node-http2.git#fix-return-value
128 silly cache add args [ 'morgan@^1.6.1', null ]
129 verbose cache add spec morgan@^1.6.1
130 silly cache add parsed spec Result {
130 silly cache add   raw: 'morgan@^1.6.1',
130 silly cache add   scope: null,
130 silly cache add   name: 'morgan',
130 silly cache add   rawSpec: '^1.6.1',
130 silly cache add   spec: '>=1.6.1 <2.0.0',
130 silly cache add   type: 'range' }
131 silly addNamed morgan@>=1.6.1 <2.0.0
132 verbose addNamed ">=1.6.1 <2.0.0" is a valid semver range for morgan
133 silly addNameRange { name: 'morgan', range: '>=1.6.1 <2.0.0', hasData: false }
134 silly mapToRegistry name morgan
135 silly mapToRegistry using default registry
136 silly mapToRegistry registry https://registry.npmjs.org/
137 silly mapToRegistry uri https://registry.npmjs.org/morgan
138 verbose addNameRange registry:https://registry.npmjs.org/morgan not in flight; fetching
139 silly cache add args [ 'opn@^4.0.0', null ]
140 verbose cache add spec opn@^4.0.0
141 silly cache add parsed spec Result {
141 silly cache add   raw: 'opn@^4.0.0',
141 silly cache add   scope: null,
141 silly cache add   name: 'opn',
141 silly cache add   rawSpec: '^4.0.0',
141 silly cache add   spec: '>=4.0.0 <5.0.0',
141 silly cache add   type: 'range' }
142 silly addNamed opn@>=4.0.0 <5.0.0
143 verbose addNamed ">=4.0.0 <5.0.0" is a valid semver range for opn
144 silly addNameRange { name: 'opn', range: '>=4.0.0 <5.0.0', hasData: false }
145 silly mapToRegistry name opn
146 silly mapToRegistry using default registry
147 silly mapToRegistry registry https://registry.npmjs.org/
148 silly mapToRegistry uri https://registry.npmjs.org/opn
149 verbose addNameRange registry:https://registry.npmjs.org/opn not in flight; fetching
150 silly cache add args [ 'portscanner@^1.0.0', null ]
151 verbose cache add spec portscanner@^1.0.0
152 silly cache add parsed spec Result {
152 silly cache add   raw: 'portscanner@^1.0.0',
152 silly cache add   scope: null,
152 silly cache add   name: 'portscanner',
152 silly cache add   rawSpec: '^1.0.0',
152 silly cache add   spec: '>=1.0.0 <2.0.0',
152 silly cache add   type: 'range' }
153 silly addNamed portscanner@>=1.0.0 <2.0.0
154 verbose addNamed ">=1.0.0 <2.0.0" is a valid semver range for portscanner
155 silly addNameRange { name: 'portscanner', range: '>=1.0.0 <2.0.0', hasData: false }
156 silly mapToRegistry name portscanner
157 silly mapToRegistry using default registry
158 silly mapToRegistry registry https://registry.npmjs.org/
159 silly mapToRegistry uri https://registry.npmjs.org/portscanner
160 verbose addNameRange registry:https://registry.npmjs.org/portscanner not in flight; fetching
161 silly cache add args [ 'serve-index@^1.7.1', null ]
162 verbose cache add spec serve-index@^1.7.1
163 silly cache add parsed spec Result {
163 silly cache add   raw: 'serve-index@^1.7.1',
163 silly cache add   scope: null,
163 silly cache add   name: 'serve-index',
163 silly cache add   rawSpec: '^1.7.1',
163 silly cache add   spec: '>=1.7.1 <2.0.0',
163 silly cache add   type: 'range' }
164 silly addNamed serve-index@>=1.7.1 <2.0.0
165 verbose addNamed ">=1.7.1 <2.0.0" is a valid semver range for serve-index
166 silly addNameRange { name: 'serve-index', range: '>=1.7.1 <2.0.0', hasData: false }
167 silly mapToRegistry name serve-index
168 silly mapToRegistry using default registry
169 silly mapToRegistry registry https://registry.npmjs.org/
170 silly mapToRegistry uri https://registry.npmjs.org/serve-index
171 verbose addNameRange registry:https://registry.npmjs.org/serve-index not in flight; fetching
172 silly cache add args [ 'serve-static@^1.10.0', null ]
173 verbose cache add spec serve-static@^1.10.0
174 silly cache add parsed spec Result {
174 silly cache add   raw: 'serve-static@^1.10.0',
174 silly cache add   scope: null,
174 silly cache add   name: 'serve-static',
174 silly cache add   rawSpec: '^1.10.0',
174 silly cache add   spec: '>=1.10.0 <2.0.0',
174 silly cache add   type: 'range' }
175 silly addNamed serve-static@>=1.10.0 <2.0.0
176 verbose addNamed ">=1.10.0 <2.0.0" is a valid semver range for serve-static
177 silly addNameRange { name: 'serve-static',
177 silly addNameRange   range: '>=1.10.0 <2.0.0',
177 silly addNameRange   hasData: false }
178 silly mapToRegistry name serve-static
179 silly mapToRegistry using default registry
180 silly mapToRegistry registry https://registry.npmjs.org/
181 silly mapToRegistry uri https://registry.npmjs.org/serve-static
182 verbose addNameRange registry:https://registry.npmjs.org/serve-static not in flight; fetching
183 silly cache add parsed spec Result {
183 silly cache add   raw: 'http2@git://github.com/gruntjs/node-http2.git#fix-return-value',
183 silly cache add   scope: null,
183 silly cache add   name: 'http2',
183 silly cache add   rawSpec: 'git://github.com/gruntjs/node-http2.git#fix-return-value',
183 silly cache add   spec: 'git://github.com/gruntjs/node-http2.git#fix-return-value',
183 silly cache add   type: 'hosted',
183 silly cache add   hosted:
183 silly cache add    { type: 'github',
183 silly cache add      ssh: 'git@github.com:gruntjs/node-http2.git#fix-return-value',
183 silly cache add      sshUrl: 'git+ssh://git@github.com/gruntjs/node-http2.git#fix-return-value',
183 silly cache add      httpsUrl: 'git+https://github.com/gruntjs/node-http2.git#fix-return-value',
183 silly cache add      gitUrl: 'git://github.com/gruntjs/node-http2.git#fix-return-value',
183 silly cache add      shortcut: 'github:gruntjs/node-http2#fix-return-value',
183 silly cache add      directUrl: 'https://raw.githubusercontent.com/gruntjs/node-http2/fix-return-value/package.json' } }
184 verbose addRemoteGit caching git://github.com/gruntjs/node-http2.git#fix-return-value
185 verbose addRemoteGit git://github.com/gruntjs/node-http2.git#fix-return-value is a repository hosted by github
186 silly tryClone cloning git://github.com/gruntjs/node-http2.git#fix-return-value via git://github.com/gruntjs/node-http2.git#fix-return-value
187 verbose tryClone git-github-com-gruntjs-node-http2-git-e2e8c4f6 not in flight; caching
188 verbose request uri https://registry.npmjs.org/async
189 verbose request no auth needed
190 info attempt registry request try #1 at 15:39:52
191 verbose etag "4D7KFJEOALN7KS8I4V7FYWF3A"
192 http request GET https://registry.npmjs.org/async
193 verbose request uri https://registry.npmjs.org/connect-livereload
194 verbose request no auth needed
195 info attempt registry request try #1 at 15:39:52
196 verbose etag "6WN91ROEMUPMSIF1OF8H7I1F"
197 http request GET https://registry.npmjs.org/connect-livereload
198 verbose request uri https://registry.npmjs.org/opn
199 verbose request no auth needed
200 info attempt registry request try #1 at 15:39:52
201 verbose etag "7GDSYUC1I05ZBEWQT8DPDKNTI"
202 http request GET https://registry.npmjs.org/opn
203 verbose request uri https://registry.npmjs.org/connect
204 verbose request no auth needed
205 info attempt registry request try #1 at 15:39:52
206 verbose etag "DJS8F3FKFF21F9RSD5LUYLT1C"
207 http request GET https://registry.npmjs.org/connect
208 verbose request uri https://registry.npmjs.org/portscanner
209 verbose request no auth needed
210 info attempt registry request try #1 at 15:39:52
211 verbose etag "6P3CUGH16PK060G4EIEVJLEVF"
212 http request GET https://registry.npmjs.org/portscanner
213 verbose request uri https://registry.npmjs.org/morgan
214 verbose request no auth needed
215 info attempt registry request try #1 at 15:39:52
216 verbose etag "7XNHL35C3J4QU6DFJ74ES57WW"
217 http request GET https://registry.npmjs.org/morgan
218 verbose request uri https://registry.npmjs.org/serve-index
219 verbose request no auth needed
220 info attempt registry request try #1 at 15:39:52
221 verbose etag "6SW6GDY9162HNM4VCG00EZ1I5"
222 http request GET https://registry.npmjs.org/serve-index
223 verbose request uri https://registry.npmjs.org/serve-static
224 verbose request no auth needed
225 info attempt registry request try #1 at 15:39:52
226 verbose etag "6XGW5B9U6BX4MATCGJBKF00S"
227 http request GET https://registry.npmjs.org/serve-static
228 warn addRemoteGit Error: not found: git
228 warn addRemoteGit     at F (D:\nodejs\node_modules\npm\node_modules\which\which.js:78:19)
228 warn addRemoteGit     at E (D:\nodejs\node_modules\npm\node_modules\which\which.js:82:29)
228 warn addRemoteGit     at D:\nodejs\node_modules\npm\node_modules\which\which.js:93:16
228 warn addRemoteGit     at FSReqWrap.oncomplete (fs.js:82:15)
228 warn addRemoteGit  git://github.com/gruntjs/node-http2.git#fix-return-value resetting remote C:\Users\Administrator\AppData\Roaming\npm-cache\_git-remotes\git-github-com-gruntjs-node-http2-git-e2e8c4f6 because of error: { [Error: not found: git] code: 'ENOGIT' }
229 info resetRemote resetting C:\Users\Administrator\AppData\Roaming\npm-cache\_git-remotes\git-github-com-gruntjs-node-http2-git-e2e8c4f6 for git://github.com/gruntjs/node-http2.git#fix-return-value
230 silly gentlyRm C:\Users\Administrator\AppData\Roaming\npm-cache\_git-remotes\git-github-com-gruntjs-node-http2-git-e2e8c4f6 is being purged
231 verbose gentlyRm don't care about contents; nuking C:\Users\Administrator\AppData\Roaming\npm-cache\_git-remotes\git-github-com-gruntjs-node-http2-git-e2e8c4f6
232 silly vacuum-fs purging C:\Users\Administrator\AppData\Roaming\npm-cache\_git-remotes\git-github-com-gruntjs-node-http2-git-e2e8c4f6
233 silly vacuum-fs quitting because other entries in C:\Users\Administrator\AppData\Roaming\npm-cache\_git-remotes
234 error git clone --template=C:\Users\Administrator\AppData\Roaming\npm-cache\_git-remotes\_templates --mirror git://github.com/gruntjs/node-http2.git C:\Users\Administrator\AppData\Roaming\npm-cache\_git-remotes\git-github-com-gruntjs-node-http2-git-e2e8c4f6: undefined
234 error git clone --template=C:\Users\Administrator\AppData\Roaming\npm-cache\_git-remotes\_templates --mirror git://github.com/gruntjs/node-http2.git C:\Users\Administrator\AppData\Roaming\npm-cache\_git-remotes\git-github-com-gruntjs-node-http2-git-e2e8c4f6: undefined
235 http 304 https://registry.npmjs.org/connect-livereload
236 verbose headers { date: 'Mon, 14 Mar 2016 07:38:40 GMT',
236 verbose headers   via: '1.1 varnish',
236 verbose headers   'cache-control': 'max-age=300',
236 verbose headers   etag: '"6WN91ROEMUPMSIF1OF8H7I1F"',
236 verbose headers   age: '267',
236 verbose headers   connection: 'keep-alive',
236 verbose headers   'x-served-by': 'cache-nrt6133-NRT',
236 verbose headers   'x-cache': 'HIT',
236 verbose headers   'x-cache-hits': '1',
236 verbose headers   'x-timer': 'S1457941120.773050,VS0,VE0',
236 verbose headers   vary: 'Accept' }
237 silly get cb [ 304,
237 silly get   { date: 'Mon, 14 Mar 2016 07:38:40 GMT',
237 silly get     via: '1.1 varnish',
237 silly get     'cache-control': 'max-age=300',
237 silly get     etag: '"6WN91ROEMUPMSIF1OF8H7I1F"',
237 silly get     age: '267',
237 silly get     connection: 'keep-alive',
237 silly get     'x-served-by': 'cache-nrt6133-NRT',
237 silly get     'x-cache': 'HIT',
237 silly get     'x-cache-hits': '1',
237 silly get     'x-timer': 'S1457941120.773050,VS0,VE0',
237 silly get     vary: 'Accept' } ]
238 verbose etag https://registry.npmjs.org/connect-livereload from cache
239 verbose get saving connect-livereload to C:\Users\Administrator\AppData\Roaming\npm-cache\registry.npmjs.org\connect-livereload\.cache.json
240 silly addNameRange number 2 { name: 'connect-livereload',
240 silly addNameRange   range: '>=0.5.0 <0.6.0',
240 silly addNameRange   hasData: true }
241 silly addNameRange versions [ 'connect-livereload',
241 silly addNameRange   [ '0.0.2',
241 silly addNameRange     '0.0.3',
241 silly addNameRange     '0.1.0',
241 silly addNameRange     '0.1.1',
241 silly addNameRange     '0.1.2',
241 silly addNameRange     '0.1.3',
241 silly addNameRange     '0.1.4',
241 silly addNameRange     '0.2.0',
241 silly addNameRange     '0.3.0',
241 silly addNameRange     '0.3.1',
241 silly addNameRange     '0.3.2',
241 silly addNameRange     '0.4.0',
241 silly addNameRange     '0.4.1',
241 silly addNameRange     '0.5.0',
241 silly addNameRange     '0.5.1',
241 silly addNameRange     '0.5.2',
241 silly addNameRange     '0.5.3',
241 silly addNameRange     '0.5.4' ] ]
242 silly addNamed connect-livereload@0.5.4
243 verbose addNamed "0.5.4" is a plain semver version for connect-livereload
244 silly cache afterAdd connect-livereload@0.5.4
245 verbose afterAdd C:\Users\Administrator\AppData\Roaming\npm-cache\connect-livereload\0.5.4\package\package.json not in flight; writing
246 verbose afterAdd C:\Users\Administrator\AppData\Roaming\npm-cache\connect-livereload\0.5.4\package\package.json written
247 http 304 https://registry.npmjs.org/serve-static
248 verbose headers { date: 'Mon, 14 Mar 2016 07:38:40 GMT',
248 verbose headers   via: '1.1 varnish',
248 verbose headers   'cache-control': 'max-age=300',
248 verbose headers   etag: '"6XGW5B9U6BX4MATCGJBKF00S"',
248 verbose headers   age: '111',
248 verbose headers   connection: 'keep-alive',
248 verbose headers   'x-served-by': 'cache-nrt6126-NRT',
248 verbose headers   'x-cache': 'HIT',
248 verbose headers   'x-cache-hits': '2',
248 verbose headers   'x-timer': 'S1457941120.811462,VS0,VE0',
248 verbose headers   vary: 'Accept' }
249 silly get cb [ 304,
249 silly get   { date: 'Mon, 14 Mar 2016 07:38:40 GMT',
249 silly get     via: '1.1 varnish',
249 silly get     'cache-control': 'max-age=300',
249 silly get     etag: '"6XGW5B9U6BX4MATCGJBKF00S"',
249 silly get     age: '111',
249 silly get     connection: 'keep-alive',
249 silly get     'x-served-by': 'cache-nrt6126-NRT',
249 silly get     'x-cache': 'HIT',
249 silly get     'x-cache-hits': '2',
249 silly get     'x-timer': 'S1457941120.811462,VS0,VE0',
249 silly get     vary: 'Accept' } ]
250 verbose etag https://registry.npmjs.org/serve-static from cache
251 verbose get saving serve-static to C:\Users\Administrator\AppData\Roaming\npm-cache\registry.npmjs.org\serve-static\.cache.json
252 http 304 https://registry.npmjs.org/portscanner
253 verbose headers { date: 'Mon, 14 Mar 2016 07:38:40 GMT',
253 verbose headers   via: '1.1 varnish',
253 verbose headers   'cache-control': 'max-age=300',
253 verbose headers   etag: '"6P3CUGH16PK060G4EIEVJLEVF"',
253 verbose headers   age: '267',
253 verbose headers   connection: 'keep-alive',
253 verbose headers   'x-served-by': 'cache-nrt6135-NRT',
253 verbose headers   'x-cache': 'HIT',
253 verbose headers   'x-cache-hits': '3',
253 verbose headers   'x-timer': 'S1457941120.815815,VS0,VE0',
253 verbose headers   vary: 'Accept' }
254 silly get cb [ 304,
254 silly get   { date: 'Mon, 14 Mar 2016 07:38:40 GMT',
254 silly get     via: '1.1 varnish',
254 silly get     'cache-control': 'max-age=300',
254 silly get     etag: '"6P3CUGH16PK060G4EIEVJLEVF"',
254 silly get     age: '267',
254 silly get     connection: 'keep-alive',
254 silly get     'x-served-by': 'cache-nrt6135-NRT',
254 silly get     'x-cache': 'HIT',
254 silly get     'x-cache-hits': '3',
254 silly get     'x-timer': 'S1457941120.815815,VS0,VE0',
254 silly get     vary: 'Accept' } ]
255 verbose etag https://registry.npmjs.org/portscanner from cache
256 verbose get saving portscanner to C:\Users\Administrator\AppData\Roaming\npm-cache\registry.npmjs.org\portscanner\.cache.json
257 silly addNameRange number 2 { name: 'portscanner', range: '>=1.0.0 <2.0.0', hasData: true }
258 silly addNameRange versions [ 'portscanner',
258 silly addNameRange   [ '0.1.0',
258 silly addNameRange     '0.1.1',
258 silly addNameRange     '0.1.2',
258 silly addNameRange     '0.1.3',
258 silly addNameRange     '0.2.0',
258 silly addNameRange     '0.2.1',
258 silly addNameRange     '0.2.2',
258 silly addNameRange     '0.2.3',
258 silly addNameRange     '1.0.0' ] ]
259 silly addNamed portscanner@1.0.0
260 verbose addNamed "1.0.0" is a plain semver version for portscanner
261 silly addNameRange number 2 { name: 'serve-static', range: '>=1.10.0 <2.0.0', hasData: true }
262 silly addNameRange versions [ 'serve-static',
262 silly addNameRange   [ '1.0.0',
262 silly addNameRange     '1.0.1',
262 silly addNameRange     '1.0.2',
262 silly addNameRange     '1.0.3',
262 silly addNameRange     '1.0.4',
262 silly addNameRange     '1.1.0',
262 silly addNameRange     '1.2.0',
262 silly addNameRange     '1.2.1',
262 silly addNameRange     '1.2.2',
262 silly addNameRange     '1.2.3',
262 silly addNameRange     '1.3.0',
262 silly addNameRange     '1.3.1',
262 silly addNameRange     '1.3.2',
262 silly addNameRange     '1.4.0',
262 silly addNameRange     '1.4.1',
262 silly addNameRange     '1.4.2',
262 silly addNameRange     '1.4.3',
262 silly addNameRange     '1.4.4',
262 silly addNameRange     '1.5.0',
262 silly addNameRange     '1.5.1',
262 silly addNameRange     '1.5.2',
262 silly addNameRange     '1.5.3',
262 silly addNameRange     '1.5.4',
262 silly addNameRange     '1.6.0',
262 silly addNameRange     '1.6.1',
262 silly addNameRange     '1.6.2',
262 silly addNameRange     '1.6.3',
262 silly addNameRange     '1.6.4',
262 silly addNameRange     '1.7.0',
262 silly addNameRange     '1.7.1',
262 silly addNameRange     '1.7.2',
262 silly addNameRange     '1.8.0',
262 silly addNameRange     '1.8.1',
262 silly addNameRange     '1.6.5',
262 silly addNameRange     '1.9.0',
262 silly addNameRange     '1.9.1',
262 silly addNameRange     '1.9.2',
262 silly addNameRange     '1.9.3',
262 silly addNameRange     '1.10.0',
262 silly addNameRange     '1.10.1',
262 silly addNameRange     '1.10.2' ] ]
263 silly addNamed serve-static@1.10.2
264 verbose addNamed "1.10.2" is a plain semver version for serve-static
265 silly cache afterAdd portscanner@1.0.0
266 verbose afterAdd C:\Users\Administrator\AppData\Roaming\npm-cache\portscanner\1.0.0\package\package.json not in flight; writing
267 silly cache afterAdd serve-static@1.10.2
268 verbose afterAdd C:\Users\Administrator\AppData\Roaming\npm-cache\serve-static\1.10.2\package\package.json not in flight; writing
269 verbose afterAdd C:\Users\Administrator\AppData\Roaming\npm-cache\portscanner\1.0.0\package\package.json written
270 verbose afterAdd C:\Users\Administrator\AppData\Roaming\npm-cache\serve-static\1.10.2\package\package.json written
271 http 304 https://registry.npmjs.org/connect
272 verbose headers { date: 'Mon, 14 Mar 2016 07:38:40 GMT',
272 verbose headers   via: '1.1 varnish',
272 verbose headers   'cache-control': 'max-age=300',
272 verbose headers   etag: '"DJS8F3FKFF21F9RSD5LUYLT1C"',
272 verbose headers   age: '91',
272 verbose headers   connection: 'keep-alive',
272 verbose headers   'x-served-by': 'cache-nrt6122-NRT',
272 verbose headers   'x-cache': 'HIT',
272 verbose headers   'x-cache-hits': '2',
272 verbose headers   'x-timer': 'S1457941120.837966,VS0,VE0',
272 verbose headers   vary: 'Accept' }
273 silly get cb [ 304,
273 silly get   { date: 'Mon, 14 Mar 2016 07:38:40 GMT',
273 silly get     via: '1.1 varnish',
273 silly get     'cache-control': 'max-age=300',
273 silly get     etag: '"DJS8F3FKFF21F9RSD5LUYLT1C"',
273 silly get     age: '91',
273 silly get     connection: 'keep-alive',
273 silly get     'x-served-by': 'cache-nrt6122-NRT',
273 silly get     'x-cache': 'HIT',
273 silly get     'x-cache-hits': '2',
273 silly get     'x-timer': 'S1457941120.837966,VS0,VE0',
273 silly get     vary: 'Accept' } ]
274 verbose etag https://registry.npmjs.org/connect from cache
275 verbose get saving connect to C:\Users\Administrator\AppData\Roaming\npm-cache\registry.npmjs.org\connect\.cache.json
276 http 304 https://registry.npmjs.org/serve-index
277 verbose headers { date: 'Mon, 14 Mar 2016 07:38:40 GMT',
277 verbose headers   via: '1.1 varnish',
277 verbose headers   'cache-control': 'max-age=300',
277 verbose headers   etag: '"6SW6GDY9162HNM4VCG00EZ1I5"',
277 verbose headers   age: '138',
277 verbose headers   connection: 'keep-alive',
277 verbose headers   'x-served-by': 'cache-nrt6134-NRT',
277 verbose headers   'x-cache': 'HIT',
277 verbose headers   'x-cache-hits': '1',
277 verbose headers   'x-timer': 'S1457941120.831960,VS0,VE0',
277 verbose headers   vary: 'Accept' }
278 silly get cb [ 304,
278 silly get   { date: 'Mon, 14 Mar 2016 07:38:40 GMT',
278 silly get     via: '1.1 varnish',
278 silly get     'cache-control': 'max-age=300',
278 silly get     etag: '"6SW6GDY9162HNM4VCG00EZ1I5"',
278 silly get     age: '138',
278 silly get     connection: 'keep-alive',
278 silly get     'x-served-by': 'cache-nrt6134-NRT',
278 silly get     'x-cache': 'HIT',
278 silly get     'x-cache-hits': '1',
278 silly get     'x-timer': 'S1457941120.831960,VS0,VE0',
278 silly get     vary: 'Accept' } ]
279 verbose etag https://registry.npmjs.org/serve-index from cache
280 verbose get saving serve-index to C:\Users\Administrator\AppData\Roaming\npm-cache\registry.npmjs.org\serve-index\.cache.json
281 silly addNameRange number 2 { name: 'serve-index', range: '>=1.7.1 <2.0.0', hasData: true }
282 silly addNameRange versions [ 'serve-index',
282 silly addNameRange   [ '1.0.0',
282 silly addNameRange     '1.0.1',
282 silly addNameRange     '1.0.2',
282 silly addNameRange     '1.0.3',
282 silly addNameRange     '1.1.0',
282 silly addNameRange     '1.1.1',
282 silly addNameRange     '1.1.2',
282 silly addNameRange     '1.1.3',
282 silly addNameRange     '1.1.4',
282 silly addNameRange     '1.1.5',
282 silly addNameRange     '1.1.6',
282 silly addNameRange     '1.2.0',
282 silly addNameRange     '1.2.1',
282 silly addNameRange     '1.3.0',
282 silly addNameRange     '1.3.1',
282 silly addNameRange     '1.4.0',
282 silly addNameRange     '1.4.1',
282 silly addNameRange     '1.5.0',
282 silly addNameRange     '1.5.1',
282 silly addNameRange     '1.5.2',
282 silly addNameRange     '1.5.3',
282 silly addNameRange     '1.6.0',
282 silly addNameRange     '1.6.1',
282 silly addNameRange     '1.6.2',
282 silly addNameRange     '1.6.3',
282 silly addNameRange     '1.6.4',
282 silly addNameRange     '1.7.0',
282 silly addNameRange     '1.7.1',
282 silly addNameRange     '1.7.2',
282 silly addNameRange     '1.7.3' ] ]
283 silly addNamed serve-index@1.7.3
284 verbose addNamed "1.7.3" is a plain semver version for serve-index
285 silly addNameRange number 2 { name: 'connect', range: '>=3.4.0 <4.0.0', hasData: true }
286 silly addNameRange versions [ 'connect',
286 silly addNameRange   [ '0.0.1',
286 silly addNameRange     '0.0.2',
286 silly addNameRange     '0.0.3',
286 silly addNameRange     '0.0.4',
286 silly addNameRange     '0.0.5',
286 silly addNameRange     '0.0.6',
286 silly addNameRange     '0.1.0',
286 silly addNameRange     '0.2.0',
286 silly addNameRange     '0.2.1',
286 silly addNameRange     '0.2.2',
286 silly addNameRange     '0.2.3',
286 silly addNameRange     '0.2.4',
286 silly addNameRange     '0.2.5',
286 silly addNameRange     '0.2.6',
286 silly addNameRange     '0.2.7',
286 silly addNameRange     '0.3.0',
286 silly addNameRange     '0.4.0',
286 silly addNameRange     '0.5.0',
286 silly addNameRange     '0.5.1',
286 silly addNameRange     '0.5.2',
286 silly addNameRange     '0.5.3',
286 silly addNameRange     '0.5.4',
286 silly addNameRange     '0.5.5',
286 silly addNameRange     '0.5.6',
286 silly addNameRange     '0.5.7',
286 silly addNameRange     '0.5.8',
286 silly addNameRange     '0.5.9',
286 silly addNameRange     '0.5.10',
286 silly addNameRange     '1.0.0',
286 silly addNameRange     '1.0.1',
286 silly addNameRange     '1.0.2',
286 silly addNameRange     '1.0.3',
286 silly addNameRange     '1.0.4',
286 silly addNameRange     '1.0.5',
286 silly addNameRange     '1.0.6',
286 silly addNameRange     '1.1.0',
286 silly addNameRange     '1.1.1',
286 silly addNameRange     '1.1.2',
286 silly addNameRange     '1.1.3',
286 silly addNameRange     '1.1.4',
286 silly addNameRange     '1.1.5',
286 silly addNameRange     '1.2.0',
286 silly addNameRange     '1.2.1',
286 silly addNameRange     '1.2.2',
286 silly addNameRange     '1.2.3',
286 silly addNameRange     '1.3.0',
286 silly addNameRange     '1.4.0',
286 silly addNameRange     '1.4.1',
286 silly addNameRange     '1.4.2',
286 silly addNameRange     '1.4.3',
286 silly addNameRange     '1.4.4',
286 silly addNameRange     '1.4.5',
286 silly addNameRange     '1.4.6',
286 silly addNameRange     '1.5.0',
286 silly addNameRange     '1.5.1',
286 silly addNameRange     '1.5.2',
286 silly addNameRange     '1.6.0',
286 silly addNameRange     '1.6.1',
286 silly addNameRange     '1.6.2',
286 silly addNameRange     '1.6.3',
286 silly addNameRange     '1.6.4',
286 silly addNameRange     '1.7.0',
286 silly addNameRange     '1.7.1',
286 silly addNameRange     '1.7.2',
286 silly addNameRange     '1.7.3',
286 silly addNameRange     '1.8.0',
286 silly addNameRange     '1.8.1',
286 silly addNameRange     '1.8.2',
286 silly addNameRange     '1.8.3',
286 silly addNameRange     '1.8.4',
286 silly addNameRange     '1.8.5',
286 silly addNameRange     '2.0.0',
286 silly addNameRange     '2.0.1',
286 silly addNameRange     '2.0.2',
286 silly addNameRange     '2.0.3',
286 silly addNameRange     '1.8.6',
286 silly addNameRange     '2.1.0',
286 silly addNameRange     '2.1.1',
286 silly addNameRange     '2.1.2',
286 silly addNameRange     '1.8.7',
286 silly addNameRange     '2.1.3',
286 silly addNameRange     '2.2.0',
286 silly addNameRange     '2.2.1',
286 silly addNameRange     '2.2.2',
286 silly addNameRange     '2.3.0',
286 silly addNameRange     '2.3.1',
286 silly addNameRange     '2.3.2',
286 silly addNameRange     '2.3.3',
286 silly addNameRange     '1.9.0',
286 silly addNameRange     '1.9.1',
286 silly addNameRange     '2.3.4',
286 silly addNameRange     '2.3.5',
286 silly addNameRange     '2.3.6',
286 silly addNameRange     '2.3.7',
286 silly addNameRange     '1.9.2',
286 silly addNameRange     '2.3.8',
286 silly addNameRange     '2.3.9',
286 silly addNameRange     '2.4.0',
286 silly addNameRange     '2.4.1',
286 silly addNameRange     '2.4.2',
286 silly addNameRange     '2.4.3',
286 silly addNameRange     '2.4.4',
286 silly addNameRange     '2.4.5',
286 silly addNameRange     '2.4.6',
286 silly addNameRange     '2.5.0',
286 silly addNameRange     '2.6.0',
286 silly addNameRange     '2.6.1',
286 silly addNameRange     '2.6.2',
286 silly addNameRange     '2.7.0',
286 silly addNameRange     '2.7.1',
286 silly addNameRange     '2.7.2',
286 silly addNameRange     '2.7.3',
286 silly addNameRange     '2.7.4',
286 silly addNameRange     '2.7.5',
286 silly addNameRange     '2.7.6',
286 silly addNameRange     '2.7.7',
286 silly addNameRange     '2.7.8',
286 silly addNameRange     '2.7.9',
286 silly addNameRange     '2.7.10',
286 silly addNameRange     '2.7.11',
286 silly addNameRange     '2.8.0',
286 silly addNameRange     '2.8.1',
286 silly addNameRange     '2.8.2',
286 silly addNameRange     '2.8.3',
286 silly addNameRange     '2.8.4',
286 silly addNameRange     '2.8.5',
286 silly addNameRange     '2.8.6',
286 silly addNameRange     '2.8.7',
286 silly addNameRange     '2.8.8',
286 silly addNameRange     '2.9.0',
286 silly addNameRange     '2.9.1',
286 silly addNameRange     '2.9.2',
286 silly addNameRange     '2.10.0',
286 silly addNameRange     '2.10.1',
286 silly addNameRange     '2.11.0',
286 silly addNameRange     '2.11.1',
286 silly addNameRange     '2.11.2',
286 silly addNameRange     '2.12.0',
286 silly addNameRange     '2.13.0',
286 silly addNameRange     '2.13.1',
286 silly addNameRange     '2.14.0',
286 silly addNameRange     '2.14.1',
286 silly addNameRange     '3.0.0-rc.1',
286 silly addNameRange     '2.14.2',
286 silly addNameRange     '2.14.3',
286 silly addNameRange     '2.14.4',
286 silly addNameRange     '2.14.5',
286 silly addNameRange     '2.15.0',
286 silly addNameRange     '3.0.0-rc.2',
286 silly addNameRange     '2.16.0',
286 silly addNameRange     '2.16.1',
286 silly addNameRange     '2.16.2',
286 silly addNameRange     '2.17.0',
286 silly addNameRange     '2.17.1',
286 silly addNameRange     '2.17.2',
286 silly addNameRange     '2.17.3',
286 silly addNameRange     '2.18.0',
286 silly addNameRange     '3.0.0',
286 silly addNameRange     '2.19.0',
286 silly addNameRange     '2.19.1',
286 silly addNameRange     '2.19.2',
286 silly addNameRange     '2.19.3',
286 silly addNameRange     '2.19.4',
286 silly addNameRange     '2.19.5',
286 silly addNameRange     '2.19.6',
286 silly addNameRange     '2.20.0',
286 silly addNameRange     '2.20.1',
286 silly addNameRange     '2.20.2',
286 silly addNameRange     '3.0.1',
286 silly addNameRange     '2.21.0',
286 silly addNameRange     '2.21.1',
286 silly addNameRange     '2.22.0',
286 silly addNameRange     '2.23.0',
286 silly addNameRange     '3.0.2',
286 silly addNameRange     '2.24.0',
286 silly addNameRange     '3.1.0',
286 silly addNameRange     '2.24.1',
286 silly addNameRange     '2.24.2',
286 silly addNameRange     '2.24.3',
286 silly addNameRange     '2.25.0',
286 silly addNameRange     '2.25.1',
286 silly addNameRange     '2.25.2',
286 silly addNameRange     '2.25.3',
286 silly addNameRange     '2.25.4',
286 silly addNameRange     '3.1.1',
286 silly addNameRange     '2.25.5',
286 silly addNameRange     '2.25.6',
286 silly addNameRange     '2.25.7',
286 silly addNameRange     '2.25.8',
286 silly addNameRange     '2.25.9',
286 silly addNameRange     '2.25.10',
286 silly addNameRange     '2.26.0',
286 silly addNameRange     '3.2.0',
286 silly addNameRange     '2.26.1',
286 silly addNameRange     '2.26.2',
286 silly addNameRange     '2.26.3',
286 silly addNameRange     '2.26.4',
286 silly addNameRange     '2.26.5',
286 silly addNameRange     '2.26.6',
286 silly addNameRange     '2.27.0',
286 silly addNameRange     '3.3.0',
286 silly addNameRange     '2.27.1',
286 silly addNameRange     '3.3.1',
286 silly addNameRange     '2.27.2',
286 silly addNameRange     '3.3.2',
286 silly addNameRange     '2.27.3',
286 silly addNameRange     '3.3.3',
286 silly addNameRange     '2.27.4',
286 silly addNameRange     '2.27.5',
286 silly addNameRange     '2.27.6',
286 silly addNameRange     '2.28.0',
286 silly addNameRange     '3.3.4',
286 silly addNameRange     '2.28.1',
286 silly addNameRange     '2.28.2',
286 silly addNameRange     '2.28.3',
286 silly addNameRange     '2.29.0',
286 silly addNameRange     '2.29.1',
286 silly addNameRange     '3.3.5',
286 silly addNameRange     '2.29.2',
286 silly addNameRange     '2.30.0',
286 silly addNameRange     '3.4.0',
286 silly addNameRange     '2.30.1',
286 silly addNameRange     '2.30.2',
286 silly addNameRange     '3.4.1' ] ]
287 silly addNamed connect@3.4.1
288 verbose addNamed "3.4.1" is a plain semver version for connect
289 silly cache afterAdd serve-index@1.7.3
290 verbose afterAdd C:\Users\Administrator\AppData\Roaming\npm-cache\serve-index\1.7.3\package\package.json not in flight; writing
291 silly cache afterAdd connect@3.4.1
292 verbose afterAdd C:\Users\Administrator\AppData\Roaming\npm-cache\connect\3.4.1\package\package.json not in flight; writing
293 http 304 https://registry.npmjs.org/async
294 verbose headers { date: 'Mon, 14 Mar 2016 07:38:40 GMT',
294 verbose headers   via: '1.1 varnish',
294 verbose headers   'cache-control': 'max-age=300',
294 verbose headers   etag: '"4D7KFJEOALN7KS8I4V7FYWF3A"',
294 verbose headers   age: '244',
294 verbose headers   connection: 'keep-alive',
294 verbose headers   'x-served-by': 'cache-nrt6127-NRT',
294 verbose headers   'x-cache': 'HIT',
294 verbose headers   'x-cache-hits': '179',
294 verbose headers   'x-timer': 'S1457941120.842876,VS0,VE0',
294 verbose headers   vary: 'Accept' }
295 silly get cb [ 304,
295 silly get   { date: 'Mon, 14 Mar 2016 07:38:40 GMT',
295 silly get     via: '1.1 varnish',
295 silly get     'cache-control': 'max-age=300',
295 silly get     etag: '"4D7KFJEOALN7KS8I4V7FYWF3A"',
295 silly get     age: '244',
295 silly get     connection: 'keep-alive',
295 silly get     'x-served-by': 'cache-nrt6127-NRT',
295 silly get     'x-cache': 'HIT',
295 silly get     'x-cache-hits': '179',
295 silly get     'x-timer': 'S1457941120.842876,VS0,VE0',
295 silly get     vary: 'Accept' } ]
296 verbose etag https://registry.npmjs.org/async from cache
297 verbose get saving async to C:\Users\Administrator\AppData\Roaming\npm-cache\registry.npmjs.org\async\.cache.json
298 verbose afterAdd C:\Users\Administrator\AppData\Roaming\npm-cache\connect\3.4.1\package\package.json written
299 verbose afterAdd C:\Users\Administrator\AppData\Roaming\npm-cache\serve-index\1.7.3\package\package.json written
300 silly addNameRange number 2 { name: 'async', range: '>=1.5.2 <2.0.0', hasData: true }
301 silly addNameRange versions [ 'async',
301 silly addNameRange   [ '0.1.0',
301 silly addNameRange     '0.1.1',
301 silly addNameRange     '0.1.2',
301 silly addNameRange     '0.1.3',
301 silly addNameRange     '0.1.4',
301 silly addNameRange     '0.1.5',
301 silly addNameRange     '0.1.6',
301 silly addNameRange     '0.1.7',
301 silly addNameRange     '0.1.8',
301 silly addNameRange     '0.1.9',
301 silly addNameRange     '0.1.10',
301 silly addNameRange     '0.1.11',
301 silly addNameRange     '0.1.12',
301 silly addNameRange     '0.1.13',
301 silly addNameRange     '0.1.14',
301 silly addNameRange     '0.1.15',
301 silly addNameRange     '0.1.16',
301 silly addNameRange     '0.1.17',
301 silly addNameRange     '0.1.18',
301 silly addNameRange     '0.1.19',
301 silly addNameRange     '0.1.20',
301 silly addNameRange     '0.1.21',
301 silly addNameRange     '0.1.22',
301 silly addNameRange     '0.2.0',
301 silly addNameRange     '0.2.1',
301 silly addNameRange     '0.2.2',
301 silly addNameRange     '0.2.3',
301 silly addNameRange     '0.2.4',
301 silly addNameRange     '0.2.5',
301 silly addNameRange     '0.2.6',
301 silly addNameRange     '0.2.7',
301 silly addNameRange     '0.2.8',
301 silly addNameRange     '0.2.9',
301 silly addNameRange     '0.2.10',
301 silly addNameRange     '0.3.0',
301 silly addNameRange     '0.4.0',
301 silly addNameRange     '0.4.1',
301 silly addNameRange     '0.5.0',
301 silly addNameRange     '0.6.0',
301 silly addNameRange     '0.6.1',
301 silly addNameRange     '0.6.2',
301 silly addNameRange     '0.7.0',
301 silly addNameRange     '0.8.0',
301 silly addNameRange     '0.9.0',
301 silly addNameRange     '0.9.2',
301 silly addNameRange     '1.0.0',
301 silly addNameRange     '1.1.0',
301 silly addNameRange     '1.2.0',
301 silly addNameRange     '1.1.1',
301 silly addNameRange     '1.2.1',
301 silly addNameRange     '1.3.0',
301 silly addNameRange     '1.4.0',
301 silly addNameRange     '1.4.1',
301 silly addNameRange     '1.4.2',
301 silly addNameRange     '1.5.0',
301 silly addNameRange     '1.5.1',
301 silly addNameRange     '1.5.2' ] ]
302 silly addNamed async@1.5.2
303 verbose addNamed "1.5.2" is a plain semver version for async
304 silly cache afterAdd async@1.5.2
305 verbose afterAdd C:\Users\Administrator\AppData\Roaming\npm-cache\async\1.5.2\package\package.json not in flight; writing
306 verbose afterAdd C:\Users\Administrator\AppData\Roaming\npm-cache\async\1.5.2\package\package.json written
307 http 304 https://registry.npmjs.org/opn
308 verbose headers { date: 'Mon, 14 Mar 2016 07:38:41 GMT',
308 verbose headers   via: '1.1 varnish',
308 verbose headers   'cache-control': 'max-age=300',
308 verbose headers   etag: '"7GDSYUC1I05ZBEWQT8DPDKNTI"',
308 verbose headers   age: '269',
308 verbose headers   connection: 'keep-alive',
308 verbose headers   'x-served-by': 'cache-nrt6134-NRT',
308 verbose headers   'x-cache': 'HIT',
308 verbose headers   'x-cache-hits': '2',
308 verbose headers   'x-timer': 'S1457941121.275751,VS0,VE0',
308 verbose headers   vary: 'Accept' }
309 silly get cb [ 304,
309 silly get   { date: 'Mon, 14 Mar 2016 07:38:41 GMT',
309 silly get     via: '1.1 varnish',
309 silly get     'cache-control': 'max-age=300',
309 silly get     etag: '"7GDSYUC1I05ZBEWQT8DPDKNTI"',
309 silly get     age: '269',
309 silly get     connection: 'keep-alive',
309 silly get     'x-served-by': 'cache-nrt6134-NRT',
309 silly get     'x-cache': 'HIT',
309 silly get     'x-cache-hits': '2',
309 silly get     'x-timer': 'S1457941121.275751,VS0,VE0',
309 silly get     vary: 'Accept' } ]
310 verbose etag https://registry.npmjs.org/opn from cache
311 verbose get saving opn to C:\Users\Administrator\AppData\Roaming\npm-cache\registry.npmjs.org\opn\.cache.json
312 silly addNameRange number 2 { name: 'opn', range: '>=4.0.0 <5.0.0', hasData: true }
313 silly addNameRange versions [ 'opn',
313 silly addNameRange   [ '0.1.0',
313 silly addNameRange     '0.1.1',
313 silly addNameRange     '0.1.2',
313 silly addNameRange     '1.0.0',
313 silly addNameRange     '1.0.1',
313 silly addNameRange     '1.0.2',
313 silly addNameRange     '2.0.0',
313 silly addNameRange     '2.0.1',
313 silly addNameRange     '3.0.0',
313 silly addNameRange     '3.0.1',
313 silly addNameRange     '3.0.2',
313 silly addNameRange     '3.0.3',
313 silly addNameRange     '4.0.0',
313 silly addNameRange     '4.0.1' ] ]
314 silly addNamed opn@4.0.1
315 verbose addNamed "4.0.1" is a plain semver version for opn
316 silly cache afterAdd opn@4.0.1
317 verbose afterAdd C:\Users\Administrator\AppData\Roaming\npm-cache\opn\4.0.1\package\package.json not in flight; writing
318 verbose afterAdd C:\Users\Administrator\AppData\Roaming\npm-cache\opn\4.0.1\package\package.json written
319 http 304 https://registry.npmjs.org/morgan
320 verbose headers { date: 'Mon, 14 Mar 2016 07:38:41 GMT',
320 verbose headers   via: '1.1 varnish',
320 verbose headers   'cache-control': 'max-age=300',
320 verbose headers   etag: '"7XNHL35C3J4QU6DFJ74ES57WW"',
320 verbose headers   age: '32',
320 verbose headers   connection: 'keep-alive',
320 verbose headers   'x-served-by': 'cache-nrt6134-NRT',
320 verbose headers   'x-cache': 'HIT',
320 verbose headers   'x-cache-hits': '1',
320 verbose headers   'x-timer': 'S1457941121.376889,VS0,VE0',
320 verbose headers   vary: 'Accept' }
321 silly get cb [ 304,
321 silly get   { date: 'Mon, 14 Mar 2016 07:38:41 GMT',
321 silly get     via: '1.1 varnish',
321 silly get     'cache-control': 'max-age=300',
321 silly get     etag: '"7XNHL35C3J4QU6DFJ74ES57WW"',
321 silly get     age: '32',
321 silly get     connection: 'keep-alive',
321 silly get     'x-served-by': 'cache-nrt6134-NRT',
321 silly get     'x-cache': 'HIT',
321 silly get     'x-cache-hits': '1',
321 silly get     'x-timer': 'S1457941121.376889,VS0,VE0',
321 silly get     vary: 'Accept' } ]
322 verbose etag https://registry.npmjs.org/morgan from cache
323 verbose get saving morgan to C:\Users\Administrator\AppData\Roaming\npm-cache\registry.npmjs.org\morgan\.cache.json
324 silly addNameRange number 2 { name: 'morgan', range: '>=1.6.1 <2.0.0', hasData: true }
325 silly addNameRange versions [ 'morgan',
325 silly addNameRange   [ '1.0.0',
325 silly addNameRange     '1.0.1',
325 silly addNameRange     '1.1.0',
325 silly addNameRange     '1.1.1',
325 silly addNameRange     '1.2.0',
325 silly addNameRange     '1.2.1',
325 silly addNameRange     '1.2.2',
325 silly addNameRange     '1.2.3',
325 silly addNameRange     '1.3.0',
325 silly addNameRange     '1.3.1',
325 silly addNameRange     '1.3.2',
325 silly addNameRange     '1.4.0',
325 silly addNameRange     '1.4.1',
325 silly addNameRange     '1.5.0',
325 silly addNameRange     '1.5.1',
325 silly addNameRange     '1.5.2',
325 silly addNameRange     '1.5.3',
325 silly addNameRange     '1.6.0',
325 silly addNameRange     '1.6.1',
325 silly addNameRange     '1.7.0' ] ]
326 silly addNamed morgan@1.7.0
327 verbose addNamed "1.7.0" is a plain semver version for morgan
328 silly cache afterAdd morgan@1.7.0
329 verbose afterAdd C:\Users\Administrator\AppData\Roaming\npm-cache\morgan\1.7.0\package\package.json not in flight; writing
330 verbose afterAdd C:\Users\Administrator\AppData\Roaming\npm-cache\morgan\1.7.0\package\package.json written
331 verbose about to build D:\study\demo1\node_modules\grunt-contrib-connect
332 verbose unlock done using C:\Users\Administrator\AppData\Roaming\npm-cache\_locks\grunt-contrib-connect-1ba470e9ab972a2c.lock for D:\study\demo1\node_modules\grunt-contrib-connect
333 verbose stack Error: not found: git
333 verbose stack     at F (D:\nodejs\node_modules\npm\node_modules\which\which.js:78:19)
333 verbose stack     at E (D:\nodejs\node_modules\npm\node_modules\which\which.js:82:29)
333 verbose stack     at D:\nodejs\node_modules\npm\node_modules\which\which.js:93:16
333 verbose stack     at FSReqWrap.oncomplete (fs.js:82:15)
334 verbose cwd D:\study\demo1
335 error Windows_NT 6.1.7601
336 error argv "D:\\nodejs\\node.exe" "D:\\nodejs\\node_modules\\npm\\bin\\npm-cli.js" "install" "grunt-contrib-connect"
337 error node v4.3.1
338 error npm  v2.14.12
339 error code ENOGIT
340 error not found: git
341 error Failed using git.
341 error This is most likely not a problem with npm itself.
341 error Please check if you have git installed and in your PATH.
342 verbose exit [ 1, true ]
343 verbose unbuild node_modules\grunt-contrib-connect
344 info preuninstall grunt-contrib-connect@1.0.0
345 info uninstall grunt-contrib-connect@1.0.0
346 verbose unbuild rmStuff grunt-contrib-connect@1.0.0 from D:\study\demo1\node_modules
347 info postuninstall grunt-contrib-connect@1.0.0
348 silly gentlyRm D:\study\demo1\node_modules\grunt-contrib-connect is being purged from base D:\study\demo1
349 verbose gentlyRm don't care about contents; nuking D:\study\demo1\node_modules\grunt-contrib-connect
350 silly vacuum-fs purging D:\study\demo1\node_modules\grunt-contrib-connect
351 silly vacuum-fs quitting because other entries in D:\study\demo1\node_modules
